<?xml version="1.0" encoding="UTF-8"?>
<!-- Generated by org.testng.reporters.JUnitXMLReporter -->
<testsuite ignored="0" hostname="UBL-LC-DINESH" failures="0" tests="14" name="Test" time="20.597" errors="0" timestamp="2023-08-10T14:55:53 IST">
  <testcase classname="api.test.UserTest" name="testpostUser" time="3.805"/>
  <testcase classname="api.test.UserTest" name="testgetUser" time="1.099"/>
  <testcase classname="api.test.UserTest" name="testupdateUser" time="1.028"/>
  <testcase classname="api.test.UserTest" name="testdeleteUser" time="1.001"/>
  <testcase classname="api.test.UserTest2" name="testpostUser" time="1.02"/>
  <testcase classname="api.test.UserTest2" name="testgetUser" time="1.035"/>
  <testcase classname="api.test.UserTest2" name="testupdateUser" time="0.995"/>
  <testcase classname="api.test.UserTest2" name="testdeleteUser" time="0.988"/>
  <testcase classname="api.test.DDTest" name="testPostuser" time="1.067"/>
  <testcase classname="api.test.DDTest" name="testPostuser" time="1.003"/>
  <testcase classname="api.test.DDTest" name="testPostuser" time="1.037"/>
  <testcase classname="api.test.DDTest" name="testDeleteUserByName" time="0.963"/>
  <testcase classname="api.test.DDTest" name="testDeleteUserByName" time="0.994"/>
  <testcase classname="api.test.DDTest" name="testDeleteUserByName" time="1.035"/>
</testsuite> <!-- Test -->
