<?xml version="1.0" encoding="UTF-8"?>
<!-- Generated by org.testng.reporters.JUnitXMLReporter -->
<testsuite ignored="0" hostname="UBL-LC-DINESH" failures="0" tests="4" name="Test" time="7.265" errors="0" timestamp="2023-08-08T18:54:33 IST">
  <testcase classname="day8.CreateUser" name="test_createUser" time="3.541"/>
  <testcase classname="day8.GetUser" name="test_getuser" time="1.174"/>
  <testcase classname="day8.UpdateUser" name="test_update" time="1.44"/>
  <testcase classname="day8.Deleteuser" name="test_delete" time="1.038"/>
</testsuite> <!-- Test -->
