<?xml version="1.0" encoding="UTF-8"?>
<!-- Generated by org.testng.reporters.JUnitXMLReporter -->
<testsuite ignored="0" hostname="UBL-LC-DINESH" failures="0" tests="6" name="Default test" time="9.958" errors="0" timestamp="2023-08-10T14:33:28 IST">
  <testcase classname="api.test.DDTest" name="testPostuser" time="2.771"/>
  <testcase classname="api.test.DDTest" name="testPostuser" time="0.995"/>
  <testcase classname="api.test.DDTest" name="testPostuser" time="1.099"/>
  <testcase classname="api.test.DDTest" name="testDeleteUserByName" time="1.03"/>
  <testcase classname="api.test.DDTest" name="testDeleteUserByName" time="1.073"/>
  <testcase classname="api.test.DDTest" name="testDeleteUserByName" time="1.036"/>
</testsuite> <!-- Default test -->
